2018/03/28 22:49:37 にビルドを開始しました。
     1>ノード 2 上のプロジェクト "C:\Users\owner\Documents\OpenGl\OpenGlTest\ConsoleApplication1\ConsoleApplication1.vcxproj" (Build ターゲット)。
     1>ClCompile:
         C:\Program Files (x86)\Microsoft Visual Studio 14.0\VC\bin\CL.exe /c /IC:\Users\owner\Documents\OpenGl\OpenGlTest\ConsoleApplication1\\Include /ZI /nologo /W3 /WX- /sdl /Od /Oy- /D WIN32 /D _DEBUG /D _CONSOLE /D _UNICODE /D UNICODE /Gm /EHsc /RTC1 /MDd /GS /fp:precise /Zc:wchar_t /Zc:forScope /Zc:inline /Yu"stdafx.h" /Fp"Debug\OpenGl.pch" /Fo"Debug\\" /Fd"Debug\vc140.pdb" /Gd /TP /analyze- /errorReport:prompt SceneBox.cpp SceneUni.cpp
         SceneUni.cpp
     1>c:\users\owner\documents\opengl\opengltest\consoleapplication1\sceneuni.cpp(80): warning C4101: 'FragmentShader': ローカル変数は 1 度も使われていません。
         SceneBox.cpp
     1>c:\users\owner\documents\opengl\opengltest\consoleapplication1\scenebox.cpp(123): warning C4101: 'FragmentShader': ローカル変数は 1 度も使われていません。
         コードを生成中...
       Link:
         C:\Program Files (x86)\Microsoft Visual Studio 14.0\VC\bin\link.exe /ERRORREPORT:PROMPT /OUT:"C:\Users\owner\Documents\OpenGl\OpenGlTest\Debug\OpenGl.exe" /INCREMENTAL /NOLOGO /LIBPATH:C:\Users\owner\Documents\OpenGl\OpenGlTest\ConsoleApplication1\Lib glew32.lib glew32s.lib glut32.lib SDL2.lib SDL2main.lib SDL2test.lib kernel32.lib user32.lib gdi32.lib winspool.lib comdlg32.lib advapi32.lib shell32.lib ole32.lib oleaut32.lib uuid.lib odbc32.lib odbccp32.lib /MANIFEST /MANIFESTUAC:"level='asInvoker' uiAccess='false'" /manifest:embed /Debug /PDB:"C:\Users\owner\Documents\OpenGl\OpenGlTest\Debug\OpenGl.pdb" /SUBSYSTEM:CONSOLE /TLBID:1 /DYNAMICBASE /NXCOMPAT /IMPLIB:"C:\Users\owner\Documents\OpenGl\OpenGlTest\Debug\OpenGl.lib" /MACHINE:X86 Debug\Glutils.obj
         Debug\Main.obj
         Debug\MainLoop.obj
         Debug\MainView.obj
         Debug\Scene.obj
         Debug\SceneBasic.obj
         Debug\SceneBox.obj
         Debug\SceneUni.obj
         Debug\Shader.obj
         Debug\stdafx.obj
         ConsoleApplication1.vcxproj -> C:\Users\owner\Documents\OpenGl\OpenGlTest\Debug\OpenGl.exe
     1>プロジェクト "C:\Users\owner\Documents\OpenGl\OpenGlTest\ConsoleApplication1\ConsoleApplication1.vcxproj" (Build ターゲット) のビルドが完了しました。

ビルドに成功しました。

経過時間 00:00:02.90
